[2019-01-30 11:03:24.830] [sharedprocess] [info] main {"machineId":"283177e07ff61817ca1bd6308c5c8db23bd75954d99547e4a18d3c9c3d0177e1"}
[2019-01-30 11:03:24.982] [sharedprocess] [info] Scanned user extensions: 2
[2019-01-30 11:03:25.291] [sharedprocess] [info] Scanned system extensions: 71
[2019-01-30 11:03:25.520] [sharedprocess] [info] Scanned user extensions: 2
[2019-01-30 11:03:25.534] [sharedprocess] [info] Scanned user extensions: 2
[2019-01-30 11:03:25.670] [sharedprocess] [info] Scanned system extensions: 71
[2019-01-30 11:03:25.679] [sharedprocess] [info] Scanned system extensions: 71
[2019-01-30 11:03:27.880] [sharedprocess] [info] Scanned user extensions: 2
[2019-01-30 11:03:38.173] [sharedprocess] [info] Scanned user extensions: 2
[2019-01-30 11:03:38.252] [sharedprocess] [info] Scanned system extensions: 71
[2019-01-30 11:03:39.620] [sharedprocess] [info] Scanned user extensions: 2
[2019-01-30 11:03:39.715] [sharedprocess] [info] Scanned system extensions: 71
[2019-01-30 11:03:40.782] [sharedprocess] [info] Scanned user extensions: 2
[2019-01-30 11:04:04.836] [sharedprocess] [info] Starting to clean up unused language packs.
[2019-01-30 11:08:40.803] [sharedprocess] [info] Scanned user extensions: 2
[2019-01-30 11:13:40.818] [sharedprocess] [info] Scanned user extensions: 2
[2019-01-30 11:18:40.830] [sharedprocess] [info] Scanned user extensions: 2
[2019-01-30 11:23:40.844] [sharedprocess] [info] Scanned user extensions: 2
[2019-01-30 11:28:40.859] [sharedprocess] [info] Scanned user extensions: 2
[2019-01-30 11:33:40.873] [sharedprocess] [info] Scanned user extensions: 2
[2019-01-30 11:38:40.888] [sharedprocess] [info] Scanned user extensions: 2
[2019-01-30 11:43:40.900] [sharedprocess] [info] Scanned user extensions: 2
[2019-01-30 11:48:40.915] [sharedprocess] [info] Scanned user extensions: 2
[2019-01-30 11:53:40.933] [sharedprocess] [info] Scanned user extensions: 2
[2019-01-30 11:58:40.948] [sharedprocess] [info] Scanned user extensions: 2
[2019-01-30 12:03:41.145] [sharedprocess] [info] Scanned user extensions: 2
[2019-01-30 12:08:41.160] [sharedprocess] [info] Scanned user extensions: 2
[2019-01-30 12:13:41.174] [sharedprocess] [info] Scanned user extensions: 2
[2019-01-30 12:18:41.192] [sharedprocess] [info] Scanned user extensions: 2
[2019-01-30 12:23:41.205] [sharedprocess] [info] Scanned user extensions: 2
[2019-01-30 12:28:41.228] [sharedprocess] [info] Scanned user extensions: 2
[2019-01-30 12:33:41.242] [sharedprocess] [info] Scanned user extensions: 2
[2019-01-30 12:38:41.257] [sharedprocess] [info] Scanned user extensions: 2
[2019-01-30 12:43:41.271] [sharedprocess] [info] Scanned user extensions: 2
[2019-01-30 12:48:41.284] [sharedprocess] [info] Scanned user extensions: 2
[2019-01-30 12:53:41.299] [sharedprocess] [info] Scanned user extensions: 2
[2019-01-30 12:58:41.313] [sharedprocess] [info] Scanned user extensions: 2
[2019-01-30 13:03:41.517] [sharedprocess] [info] Scanned user extensions: 2
[2019-01-30 13:08:41.544] [sharedprocess] [info] Scanned user extensions: 2
[2019-01-30 13:13:41.555] [sharedprocess] [info] Scanned user extensions: 2
[2019-01-30 13:18:41.570] [sharedprocess] [info] Scanned user extensions: 2
[2019-01-30 13:23:41.652] [sharedprocess] [info] Scanned user extensions: 2
[2019-01-30 13:28:41.662] [sharedprocess] [info] Scanned user extensions: 2
[2019-01-30 13:33:41.676] [sharedprocess] [info] Scanned user extensions: 2
[2019-01-30 13:38:41.687] [sharedprocess] [info] Scanned user extensions: 2
[2019-01-30 13:43:41.703] [sharedprocess] [info] Scanned user extensions: 2
[2019-01-30 13:48:41.717] [sharedprocess] [info] Scanned user extensions: 2
[2019-01-30 13:53:41.728] [sharedprocess] [info] Scanned user extensions: 2
[2019-01-30 13:58:41.743] [sharedprocess] [info] Scanned user extensions: 2
[2019-01-30 14:03:41.954] [sharedprocess] [info] Scanned user extensions: 2
[2019-01-30 14:05:52.705] [sharedprocess] [info] Scanned user extensions: 2
[2019-01-30 14:05:52.709] [sharedprocess] [info] Scanned user extensions: 2
[2019-01-30 14:05:52.816] [sharedprocess] [info] Scanned system extensions: 71
[2019-01-30 14:05:52.822] [sharedprocess] [info] Scanned system extensions: 71
[2019-01-30 14:05:53.187] [sharedprocess] [info] Scanned user extensions: 2
[2019-01-30 14:08:41.966] [sharedprocess] [info] Scanned user extensions: 2
[2019-01-30 14:10:53.199] [sharedprocess] [info] Scanned user extensions: 2
[2019-01-30 14:13:41.982] [sharedprocess] [info] Scanned user extensions: 2
[2019-01-30 14:15:53.208] [sharedprocess] [info] Scanned user extensions: 2
[2019-01-30 14:18:41.994] [sharedprocess] [info] Scanned user extensions: 2
[2019-01-30 14:20:53.221] [sharedprocess] [info] Scanned user extensions: 2
[2019-01-30 14:23:42.007] [sharedprocess] [info] Scanned user extensions: 2
[2019-01-30 14:25:53.231] [sharedprocess] [info] Scanned user extensions: 2
[2019-01-30 14:28:42.022] [sharedprocess] [info] Scanned user extensions: 2
[2019-01-30 14:30:53.242] [sharedprocess] [info] Scanned user extensions: 2
[2019-01-30 14:33:42.034] [sharedprocess] [info] Scanned user extensions: 2
[2019-01-30 14:35:53.256] [sharedprocess] [info] Scanned user extensions: 2
[2019-01-30 14:38:42.044] [sharedprocess] [info] Scanned user extensions: 2
[2019-01-30 14:40:53.266] [sharedprocess] [info] Scanned user extensions: 2
[2019-01-30 14:43:42.062] [sharedprocess] [info] Scanned user extensions: 2
[2019-01-30 14:45:53.284] [sharedprocess] [info] Scanned user extensions: 2
[2019-01-30 14:48:42.075] [sharedprocess] [info] Scanned user extensions: 2
[2019-01-30 14:50:53.293] [sharedprocess] [info] Scanned user extensions: 2
[2019-01-30 14:53:42.088] [sharedprocess] [info] Scanned user extensions: 2
[2019-01-30 14:55:53.311] [sharedprocess] [info] Scanned user extensions: 2
[2019-01-30 14:58:42.107] [sharedprocess] [info] Scanned user extensions: 2
[2019-01-30 15:00:53.324] [sharedprocess] [info] Scanned user extensions: 2
[2019-01-30 15:03:42.382] [sharedprocess] [info] Scanned user extensions: 2
[2019-01-30 15:05:53.333] [sharedprocess] [info] Scanned user extensions: 2
[2019-01-30 15:08:42.395] [sharedprocess] [info] Scanned user extensions: 2
[2019-01-30 15:10:53.343] [sharedprocess] [info] Scanned user extensions: 2
[2019-01-30 15:13:42.410] [sharedprocess] [info] Scanned user extensions: 2
[2019-01-30 15:15:53.367] [sharedprocess] [info] Scanned user extensions: 2
[2019-01-30 15:18:42.423] [sharedprocess] [info] Scanned user extensions: 2
[2019-01-30 15:20:53.377] [sharedprocess] [info] Scanned user extensions: 2
[2019-01-30 15:23:42.436] [sharedprocess] [info] Scanned user extensions: 2
[2019-01-30 15:25:53.388] [sharedprocess] [info] Scanned user extensions: 2
[2019-01-30 15:28:42.449] [sharedprocess] [info] Scanned user extensions: 2
[2019-01-30 15:30:53.397] [sharedprocess] [info] Scanned user extensions: 2
[2019-01-30 15:33:42.461] [sharedprocess] [info] Scanned user extensions: 2
[2019-01-30 15:35:53.407] [sharedprocess] [info] Scanned user extensions: 2
[2019-01-30 15:38:42.475] [sharedprocess] [info] Scanned user extensions: 2
[2019-01-30 15:40:53.416] [sharedprocess] [info] Scanned user extensions: 2
[2019-01-30 15:43:42.488] [sharedprocess] [info] Scanned user extensions: 2
[2019-01-30 15:45:53.427] [sharedprocess] [info] Scanned user extensions: 2
[2019-01-30 15:48:42.502] [sharedprocess] [info] Scanned user extensions: 2
[2019-01-30 15:50:53.434] [sharedprocess] [info] Scanned user extensions: 2
[2019-01-30 15:53:42.515] [sharedprocess] [info] Scanned user extensions: 2
[2019-01-30 15:55:53.443] [sharedprocess] [info] Scanned user extensions: 2
[2019-01-30 15:58:42.531] [sharedprocess] [info] Scanned user extensions: 2
[2019-01-30 16:00:53.452] [sharedprocess] [info] Scanned user extensions: 2
[2019-01-30 16:03:42.944] [sharedprocess] [info] Scanned user extensions: 2
[2019-01-30 16:05:53.460] [sharedprocess] [info] Scanned user extensions: 2
[2019-01-30 16:08:42.956] [sharedprocess] [info] Scanned user extensions: 2
[2019-01-30 16:10:53.468] [sharedprocess] [info] Scanned user extensions: 2
[2019-01-30 16:13:43.304] [sharedprocess] [info] Scanned user extensions: 2
[2019-01-30 16:15:53.476] [sharedprocess] [info] Scanned user extensions: 2
[2019-01-30 16:18:43.316] [sharedprocess] [info] Scanned user extensions: 2
[2019-01-30 16:20:53.485] [sharedprocess] [info] Scanned user extensions: 2
[2019-01-30 16:23:43.330] [sharedprocess] [info] Scanned user extensions: 2
[2019-01-30 16:25:53.496] [sharedprocess] [info] Scanned user extensions: 2
[2019-01-30 16:28:43.342] [sharedprocess] [info] Scanned user extensions: 2
[2019-01-30 16:30:53.510] [sharedprocess] [info] Scanned user extensions: 2
[2019-01-30 16:33:43.354] [sharedprocess] [info] Scanned user extensions: 2
[2019-01-30 16:35:53.516] [sharedprocess] [info] Scanned user extensions: 2
[2019-01-30 16:38:43.469] [sharedprocess] [info] Scanned user extensions: 2
[2019-01-30 16:40:53.534] [sharedprocess] [info] Scanned user extensions: 2
[2019-01-30 16:43:43.495] [sharedprocess] [info] Scanned user extensions: 2
[2019-01-30 16:45:53.544] [sharedprocess] [info] Scanned user extensions: 2
[2019-01-30 16:48:43.506] [sharedprocess] [info] Scanned user extensions: 2
[2019-01-30 16:50:53.554] [sharedprocess] [info] Scanned user extensions: 2
[2019-01-30 16:53:44.020] [sharedprocess] [info] Scanned user extensions: 2
[2019-01-30 16:55:53.562] [sharedprocess] [info] Scanned user extensions: 2
[2019-01-30 16:58:44.035] [sharedprocess] [info] Scanned user extensions: 2
[2019-01-30 17:00:53.571] [sharedprocess] [info] Scanned user extensions: 2
[2019-01-30 17:03:44.590] [sharedprocess] [info] Scanned user extensions: 2
[2019-01-30 17:05:53.584] [sharedprocess] [info] Scanned user extensions: 2
[2019-01-30 17:08:44.606] [sharedprocess] [info] Scanned user extensions: 2
[2019-01-30 17:10:53.600] [sharedprocess] [info] Scanned user extensions: 2
[2019-01-30 17:13:44.617] [sharedprocess] [info] Scanned user extensions: 2
[2019-01-30 17:15:53.610] [sharedprocess] [info] Scanned user extensions: 2
[2019-01-30 17:18:44.628] [sharedprocess] [info] Scanned user extensions: 2
[2019-01-30 17:20:53.618] [sharedprocess] [info] Scanned user extensions: 2
[2019-01-30 17:23:44.638] [sharedprocess] [info] Scanned user extensions: 2
[2019-01-30 17:25:53.629] [sharedprocess] [info] Scanned user extensions: 2
[2019-01-30 17:28:44.657] [sharedprocess] [info] Scanned user extensions: 2
[2019-01-30 17:30:53.649] [sharedprocess] [info] Scanned user extensions: 2
[2019-01-30 17:33:44.683] [sharedprocess] [info] Scanned user extensions: 2
[2019-01-30 17:35:53.682] [sharedprocess] [info] Scanned user extensions: 2
[2019-01-30 17:38:44.701] [sharedprocess] [info] Scanned user extensions: 2
[2019-01-30 17:40:53.702] [sharedprocess] [info] Scanned user extensions: 2
[2019-01-30 17:43:44.720] [sharedprocess] [info] Scanned user extensions: 2
[2019-01-30 17:45:53.716] [sharedprocess] [info] Scanned user extensions: 2
[2019-01-30 17:48:44.734] [sharedprocess] [info] Scanned user extensions: 2
[2019-01-30 17:50:53.905] [sharedprocess] [info] Scanned user extensions: 2
[2019-01-30 17:53:45.030] [sharedprocess] [info] Scanned user extensions: 2
[2019-01-30 17:55:53.936] [sharedprocess] [info] Scanned user extensions: 2
[2019-01-30 17:58:45.056] [sharedprocess] [info] Scanned user extensions: 2
[2019-01-30 18:00:53.966] [sharedprocess] [info] Scanned user extensions: 2
[2019-01-30 18:03:45.319] [sharedprocess] [info] Scanned user extensions: 2
[2019-01-30 18:05:53.987] [sharedprocess] [info] Scanned user extensions: 2
[2019-01-30 18:08:45.347] [sharedprocess] [info] Scanned user extensions: 2
[2019-01-30 18:10:54.014] [sharedprocess] [info] Scanned user extensions: 2
[2019-01-30 18:13:45.401] [sharedprocess] [info] Scanned user extensions: 2
[2019-01-30 18:15:54.036] [sharedprocess] [info] Scanned user extensions: 2
[2019-01-30 18:18:45.422] [sharedprocess] [info] Scanned user extensions: 2
[2019-01-30 18:20:54.058] [sharedprocess] [info] Scanned user extensions: 2
[2019-01-30 18:23:45.440] [sharedprocess] [info] Scanned user extensions: 2
[2019-01-30 18:25:54.083] [sharedprocess] [info] Scanned user extensions: 2
[2019-01-30 18:28:45.471] [sharedprocess] [info] Scanned user extensions: 2
[2019-01-30 18:30:54.124] [sharedprocess] [info] Scanned user extensions: 2
[2019-01-30 18:33:45.507] [sharedprocess] [info] Scanned user extensions: 2
[2019-01-30 18:35:54.151] [sharedprocess] [info] Scanned user extensions: 2
[2019-01-30 18:38:45.556] [sharedprocess] [info] Scanned user extensions: 2
[2019-01-30 18:40:54.177] [sharedprocess] [info] Scanned user extensions: 2
[2019-01-30 18:43:45.585] [sharedprocess] [info] Scanned user extensions: 2
[2019-01-30 18:45:54.207] [sharedprocess] [info] Scanned user extensions: 2
[2019-01-30 18:48:45.610] [sharedprocess] [info] Scanned user extensions: 2
[2019-01-30 18:50:54.232] [sharedprocess] [info] Scanned user extensions: 2
[2019-01-30 18:53:45.635] [sharedprocess] [info] Scanned user extensions: 2
[2019-01-30 18:55:54.256] [sharedprocess] [info] Scanned user extensions: 2
[2019-01-30 18:58:45.668] [sharedprocess] [info] Scanned user extensions: 2
[2019-01-30 19:00:54.269] [sharedprocess] [info] Scanned user extensions: 2
[2019-01-30 19:03:45.925] [sharedprocess] [info] Scanned user extensions: 2
[2019-01-30 19:05:54.282] [sharedprocess] [info] Scanned user extensions: 2
[2019-01-30 19:08:45.988] [sharedprocess] [info] Scanned user extensions: 2
[2019-01-30 19:10:54.302] [sharedprocess] [info] Scanned user extensions: 2
[2019-01-30 19:13:46.024] [sharedprocess] [info] Scanned user extensions: 2
[2019-01-30 19:15:54.318] [sharedprocess] [info] Scanned user extensions: 2
[2019-01-30 19:18:46.077] [sharedprocess] [info] Scanned user extensions: 2
[2019-01-30 19:20:54.335] [sharedprocess] [info] Scanned user extensions: 2
[2019-01-30 19:23:46.110] [sharedprocess] [info] Scanned user extensions: 2
[2019-01-30 19:25:54.348] [sharedprocess] [info] Scanned user extensions: 2
[2019-01-30 19:28:46.141] [sharedprocess] [info] Scanned user extensions: 2
[2019-01-30 19:30:54.360] [sharedprocess] [info] Scanned user extensions: 2
[2019-01-30 19:33:46.169] [sharedprocess] [info] Scanned user extensions: 2
[2019-01-30 19:35:54.369] [sharedprocess] [info] Scanned user extensions: 2
[2019-01-30 19:38:46.199] [sharedprocess] [info] Scanned user extensions: 2
[2019-01-30 19:40:54.382] [sharedprocess] [info] Scanned user extensions: 2
[2019-01-30 19:43:46.314] [sharedprocess] [info] Scanned user extensions: 2
[2019-01-30 19:45:54.398] [sharedprocess] [info] Scanned user extensions: 2
[2019-01-30 19:48:46.333] [sharedprocess] [info] Scanned user extensions: 2
[2019-01-30 19:50:54.412] [sharedprocess] [info] Scanned user extensions: 2
[2019-01-30 19:53:46.355] [sharedprocess] [info] Scanned user extensions: 2
[2019-01-30 19:55:54.422] [sharedprocess] [info] Scanned user extensions: 2
[2019-01-30 19:58:46.371] [sharedprocess] [info] Scanned user extensions: 2
[2019-01-30 20:00:54.451] [sharedprocess] [info] Scanned user extensions: 2
[2019-01-30 20:03:46.576] [sharedprocess] [info] Scanned user extensions: 2
[2019-01-30 20:05:54.475] [sharedprocess] [info] Scanned user extensions: 2
[2019-01-30 20:08:46.605] [sharedprocess] [info] Scanned user extensions: 2
[2019-01-30 20:10:54.495] [sharedprocess] [info] Scanned user extensions: 2
[2019-01-30 20:13:46.635] [sharedprocess] [info] Scanned user extensions: 2
[2019-01-30 20:15:54.518] [sharedprocess] [info] Scanned user extensions: 2
[2019-01-30 20:18:46.648] [sharedprocess] [info] Scanned user extensions: 2
[2019-01-30 20:20:54.544] [sharedprocess] [info] Scanned user extensions: 2
[2019-01-30 20:23:46.677] [sharedprocess] [info] Scanned user extensions: 2
[2019-01-30 20:25:54.567] [sharedprocess] [info] Scanned user extensions: 2
[2019-01-30 20:28:46.710] [sharedprocess] [info] Scanned user extensions: 2
[2019-01-30 20:30:54.595] [sharedprocess] [info] Scanned user extensions: 2
[2019-01-30 20:33:46.741] [sharedprocess] [info] Scanned user extensions: 2
[2019-01-30 20:35:54.617] [sharedprocess] [info] Scanned user extensions: 2
[2019-01-30 20:38:46.772] [sharedprocess] [info] Scanned user extensions: 2
[2019-01-30 20:40:54.643] [sharedprocess] [info] Scanned user extensions: 2
[2019-01-30 20:43:46.807] [sharedprocess] [info] Scanned user extensions: 2
[2019-01-30 20:45:54.666] [sharedprocess] [info] Scanned user extensions: 2
[2019-01-30 20:48:46.828] [sharedprocess] [info] Scanned user extensions: 2
[2019-01-30 20:50:55.058] [sharedprocess] [info] Scanned user extensions: 2
[2019-01-30 20:53:47.445] [sharedprocess] [info] Scanned user extensions: 2
[2019-01-30 20:55:56.067] [sharedprocess] [info] Scanned user extensions: 2
[2019-01-30 20:58:47.463] [sharedprocess] [info] Scanned user extensions: 2
[2019-01-30 21:00:56.095] [sharedprocess] [info] Scanned user extensions: 2
[2019-01-30 21:03:47.679] [sharedprocess] [info] Scanned user extensions: 2
[2019-01-30 21:05:56.105] [sharedprocess] [info] Scanned user extensions: 2
[2019-01-30 21:08:47.706] [sharedprocess] [info] Scanned user extensions: 2
[2019-01-30 21:10:56.122] [sharedprocess] [info] Scanned user extensions: 2
[2019-01-30 21:13:47.739] [sharedprocess] [info] Scanned user extensions: 2
[2019-01-30 21:15:56.142] [sharedprocess] [info] Scanned user extensions: 2
[2019-01-30 21:18:47.769] [sharedprocess] [info] Scanned user extensions: 2
[2019-01-30 21:20:56.164] [sharedprocess] [info] Scanned user extensions: 2
[2019-01-30 21:23:47.797] [sharedprocess] [info] Scanned user extensions: 2
[2019-01-30 21:25:56.178] [sharedprocess] [info] Scanned user extensions: 2
[2019-01-30 21:28:47.811] [sharedprocess] [info] Scanned user extensions: 2
[2019-01-30 21:30:56.193] [sharedprocess] [info] Scanned user extensions: 2
[2019-01-30 21:33:48.177] [sharedprocess] [info] Scanned user extensions: 2
[2019-01-30 21:35:56.215] [sharedprocess] [info] Scanned user extensions: 2
[2019-01-30 21:38:48.204] [sharedprocess] [info] Scanned user extensions: 2
[2019-01-30 21:40:56.239] [sharedprocess] [info] Scanned user extensions: 2
[2019-01-30 21:43:48.221] [sharedprocess] [info] Scanned user extensions: 2
[2019-01-30 21:45:56.436] [sharedprocess] [info] Scanned user extensions: 2
[2019-01-30 21:48:48.248] [sharedprocess] [info] Scanned user extensions: 2
[2019-01-30 21:50:56.457] [sharedprocess] [info] Scanned user extensions: 2
[2019-01-30 21:53:48.451] [sharedprocess] [info] Scanned user extensions: 2
[2019-01-30 21:55:56.485] [sharedprocess] [info] Scanned user extensions: 2
[2019-01-30 21:58:48.489] [sharedprocess] [info] Scanned user extensions: 2
[2019-01-30 22:00:56.501] [sharedprocess] [info] Scanned user extensions: 2
[2019-01-30 22:03:48.743] [sharedprocess] [info] Scanned user extensions: 2
[2019-01-30 22:05:56.513] [sharedprocess] [info] Scanned user extensions: 2
[2019-01-30 22:08:49.014] [sharedprocess] [info] Scanned user extensions: 2
[2019-01-30 22:10:56.534] [sharedprocess] [info] Scanned user extensions: 2
[2019-01-30 22:13:49.032] [sharedprocess] [info] Scanned user extensions: 2
[2019-01-30 22:15:56.551] [sharedprocess] [info] Scanned user extensions: 2
[2019-01-30 22:18:49.060] [sharedprocess] [info] Scanned user extensions: 2
[2019-01-30 22:20:56.562] [sharedprocess] [info] Scanned user extensions: 2
[2019-01-30 22:23:49.073] [sharedprocess] [info] Scanned user extensions: 2
[2019-01-30 22:25:56.574] [sharedprocess] [info] Scanned user extensions: 2
[2019-01-30 22:28:49.378] [sharedprocess] [info] Scanned user extensions: 2
[2019-01-30 22:30:56.585] [sharedprocess] [info] Scanned user extensions: 2
[2019-01-30 22:33:49.403] [sharedprocess] [info] Scanned user extensions: 2
[2019-01-30 22:35:56.604] [sharedprocess] [info] Scanned user extensions: 2
[2019-01-30 22:38:49.578] [sharedprocess] [info] Scanned user extensions: 2
[2019-01-30 22:40:56.617] [sharedprocess] [info] Scanned user extensions: 2
[2019-01-30 22:43:49.602] [sharedprocess] [info] Scanned user extensions: 2
[2019-01-30 22:45:56.634] [sharedprocess] [info] Scanned user extensions: 2
[2019-01-30 22:48:49.618] [sharedprocess] [info] Scanned user extensions: 2
[2019-01-30 22:50:56.642] [sharedprocess] [info] Scanned user extensions: 2
[2019-01-30 22:53:49.637] [sharedprocess] [info] Scanned user extensions: 2
[2019-01-30 22:55:56.651] [sharedprocess] [info] Scanned user extensions: 2
[2019-01-30 22:58:49.651] [sharedprocess] [info] Scanned user extensions: 2
[2019-01-30 23:00:56.661] [sharedprocess] [info] Scanned user extensions: 2
[2019-01-30 23:03:49.845] [sharedprocess] [info] Scanned user extensions: 2
[2019-01-30 23:05:56.669] [sharedprocess] [info] Scanned user extensions: 2
[2019-01-30 23:08:49.891] [sharedprocess] [info] Scanned user extensions: 2
[2019-01-30 23:10:56.705] [sharedprocess] [info] Scanned user extensions: 2
[2019-01-30 23:13:49.929] [sharedprocess] [info] Scanned user extensions: 2
[2019-01-30 23:15:56.726] [sharedprocess] [info] Scanned user extensions: 2
[2019-01-30 23:18:49.963] [sharedprocess] [info] Scanned user extensions: 2
[2019-01-30 23:20:56.739] [sharedprocess] [info] Scanned user extensions: 2
[2019-01-30 23:23:49.993] [sharedprocess] [info] Scanned user extensions: 2
[2019-01-30 23:25:56.751] [sharedprocess] [info] Scanned user extensions: 2
[2019-01-30 23:28:50.027] [sharedprocess] [info] Scanned user extensions: 2
[2019-01-30 23:30:56.772] [sharedprocess] [info] Scanned user extensions: 2
[2019-01-30 23:33:50.047] [sharedprocess] [info] Scanned user extensions: 2
[2019-01-30 23:35:56.790] [sharedprocess] [info] Scanned user extensions: 2
[2019-01-30 23:38:50.575] [sharedprocess] [info] Scanned user extensions: 2
[2019-01-30 23:40:56.810] [sharedprocess] [info] Scanned user extensions: 2
[2019-01-30 23:43:50.610] [sharedprocess] [info] Scanned user extensions: 2
[2019-01-30 23:45:56.836] [sharedprocess] [info] Scanned user extensions: 2
[2019-01-30 23:48:50.647] [sharedprocess] [info] Scanned user extensions: 2
[2019-01-30 23:50:56.860] [sharedprocess] [info] Scanned user extensions: 2
[2019-01-30 23:53:50.667] [sharedprocess] [info] Scanned user extensions: 2
[2019-01-30 23:55:56.877] [sharedprocess] [info] Scanned user extensions: 2
[2019-01-30 23:58:50.690] [sharedprocess] [info] Scanned user extensions: 2
[2019-01-31 00:00:56.903] [sharedprocess] [info] Scanned user extensions: 2
[2019-01-31 00:03:51.112] [sharedprocess] [info] Scanned user extensions: 2
[2019-01-31 00:05:56.931] [sharedprocess] [info] Scanned user extensions: 2
[2019-01-31 00:08:51.127] [sharedprocess] [info] Scanned user extensions: 2
[2019-01-31 00:10:56.965] [sharedprocess] [info] Scanned user extensions: 2
[2019-01-31 00:13:51.140] [sharedprocess] [info] Scanned user extensions: 2
[2019-01-31 00:15:56.982] [sharedprocess] [info] Scanned user extensions: 2
[2019-01-31 00:18:51.154] [sharedprocess] [info] Scanned user extensions: 2
[2019-01-31 00:20:56.989] [sharedprocess] [info] Scanned user extensions: 2
[2019-01-31 00:23:51.166] [sharedprocess] [info] Scanned user extensions: 2
[2019-01-31 00:25:56.998] [sharedprocess] [info] Scanned user extensions: 2
[2019-01-31 00:28:51.180] [sharedprocess] [info] Scanned user extensions: 2
[2019-01-31 00:30:57.007] [sharedprocess] [info] Scanned user extensions: 2
[2019-01-31 10:40:55.351] [sharedprocess] [info] Scanned user extensions: 2
[2019-01-31 10:42:58.858] [sharedprocess] [info] Scanned user extensions: 2
[2019-01-31 10:45:55.362] [sharedprocess] [info] Scanned user extensions: 2
[2019-01-31 10:47:58.868] [sharedprocess] [info] Scanned user extensions: 2
[2019-01-31 10:50:55.375] [sharedprocess] [info] Scanned user extensions: 2
[2019-01-31 10:52:58.877] [sharedprocess] [info] Scanned user extensions: 2
[2019-01-31 10:55:55.394] [sharedprocess] [info] Scanned user extensions: 2
[2019-01-31 10:57:58.885] [sharedprocess] [info] Scanned user extensions: 2
[2019-01-31 11:00:55.408] [sharedprocess] [info] Scanned user extensions: 2
[2019-01-31 11:02:58.893] [sharedprocess] [info] Scanned user extensions: 2
[2019-01-31 11:05:55.422] [sharedprocess] [info] Scanned user extensions: 2
[2019-01-31 11:07:58.901] [sharedprocess] [info] Scanned user extensions: 2
[2019-01-31 11:10:55.434] [sharedprocess] [info] Scanned user extensions: 2
[2019-01-31 11:12:58.910] [sharedprocess] [info] Scanned user extensions: 2
[2019-01-31 11:15:55.447] [sharedprocess] [info] Scanned user extensions: 2
[2019-01-31 11:17:58.919] [sharedprocess] [info] Scanned user extensions: 2
[2019-01-31 11:20:55.458] [sharedprocess] [info] Scanned user extensions: 2
[2019-01-31 11:22:58.933] [sharedprocess] [info] Scanned user extensions: 2
[2019-01-31 11:25:55.469] [sharedprocess] [info] Scanned user extensions: 2
[2019-01-31 11:27:58.944] [sharedprocess] [info] Scanned user extensions: 2
[2019-01-31 11:30:55.481] [sharedprocess] [info] Scanned user extensions: 2
[2019-01-31 11:32:58.953] [sharedprocess] [info] Scanned user extensions: 2
[2019-01-31 11:35:55.495] [sharedprocess] [info] Scanned user extensions: 2
[2019-01-31 11:37:58.961] [sharedprocess] [info] Scanned user extensions: 2
[2019-01-31 11:40:55.746] [sharedprocess] [info] Scanned user extensions: 2
[2019-01-31 11:42:58.970] [sharedprocess] [info] Scanned user extensions: 2
[2019-01-31 11:45:55.758] [sharedprocess] [info] Scanned user extensions: 2
[2019-01-31 11:47:58.980] [sharedprocess] [info] Scanned user extensions: 2
[2019-01-31 11:50:55.769] [sharedprocess] [info] Scanned user extensions: 2
[2019-01-31 11:52:58.989] [sharedprocess] [info] Scanned user extensions: 2
[2019-01-31 11:55:55.780] [sharedprocess] [info] Scanned user extensions: 2
[2019-01-31 11:57:58.997] [sharedprocess] [info] Scanned user extensions: 2
[2019-01-31 12:00:55.789] [sharedprocess] [info] Scanned user extensions: 2
[2019-01-31 12:02:59.005] [sharedprocess] [info] Scanned user extensions: 2
[2019-01-31 12:05:55.802] [sharedprocess] [info] Scanned user extensions: 2
[2019-01-31 12:07:59.016] [sharedprocess] [info] Scanned user extensions: 2
[2019-01-31 12:10:55.814] [sharedprocess] [info] Scanned user extensions: 2
[2019-01-31 12:12:59.026] [sharedprocess] [info] Scanned user extensions: 2
[2019-01-31 12:15:55.825] [sharedprocess] [info] Scanned user extensions: 2
[2019-01-31 12:17:59.034] [sharedprocess] [info] Scanned user extensions: 2
[2019-01-31 12:20:55.838] [sharedprocess] [info] Scanned user extensions: 2
[2019-01-31 12:22:59.041] [sharedprocess] [info] Scanned user extensions: 2
[2019-01-31 12:25:55.850] [sharedprocess] [info] Scanned user extensions: 2
[2019-01-31 12:27:59.059] [sharedprocess] [info] Scanned user extensions: 2
[2019-01-31 12:30:55.861] [sharedprocess] [info] Scanned user extensions: 2
[2019-01-31 12:32:59.072] [sharedprocess] [info] Scanned user extensions: 2
[2019-01-31 12:35:55.872] [sharedprocess] [info] Scanned user extensions: 2
[2019-01-31 12:37:59.080] [sharedprocess] [info] Scanned user extensions: 2
[2019-01-31 12:40:56.128] [sharedprocess] [info] Scanned user extensions: 2
[2019-01-31 12:42:59.089] [sharedprocess] [info] Scanned user extensions: 2
[2019-01-31 12:45:56.141] [sharedprocess] [info] Scanned user extensions: 2
[2019-01-31 12:47:59.098] [sharedprocess] [info] Scanned user extensions: 2
[2019-01-31 12:50:56.152] [sharedprocess] [info] Scanned user extensions: 2
[2019-01-31 12:52:59.109] [sharedprocess] [info] Scanned user extensions: 2
[2019-01-31 12:55:56.161] [sharedprocess] [info] Scanned user extensions: 2
[2019-01-31 12:57:59.119] [sharedprocess] [info] Scanned user extensions: 2
[2019-01-31 13:00:56.176] [sharedprocess] [info] Scanned user extensions: 2
[2019-01-31 13:02:59.129] [sharedprocess] [info] Scanned user extensions: 2
[2019-01-31 13:05:56.190] [sharedprocess] [info] Scanned user extensions: 2
[2019-01-31 13:07:59.136] [sharedprocess] [info] Scanned user extensions: 2
[2019-01-31 13:10:56.204] [sharedprocess] [info] Scanned user extensions: 2
[2019-01-31 13:12:59.145] [sharedprocess] [info] Scanned user extensions: 2
[2019-01-31 13:15:56.223] [sharedprocess] [info] Scanned user extensions: 2
[2019-01-31 13:17:59.152] [sharedprocess] [info] Scanned user extensions: 2
[2019-01-31 13:20:56.234] [sharedprocess] [info] Scanned user extensions: 2
[2019-01-31 13:22:59.160] [sharedprocess] [info] Scanned user extensions: 2
[2019-01-31 13:25:56.246] [sharedprocess] [info] Scanned user extensions: 2
[2019-01-31 13:27:59.170] [sharedprocess] [info] Scanned user extensions: 2
[2019-01-31 13:30:56.262] [sharedprocess] [info] Scanned user extensions: 2
[2019-01-31 13:32:59.178] [sharedprocess] [info] Scanned user extensions: 2
[2019-01-31 13:35:56.274] [sharedprocess] [info] Scanned user extensions: 2
[2019-01-31 13:37:59.186] [sharedprocess] [info] Scanned user extensions: 2
[2019-01-31 13:40:56.629] [sharedprocess] [info] Scanned user extensions: 2
[2019-01-31 13:42:59.198] [sharedprocess] [info] Scanned user extensions: 2
[2019-01-31 13:45:56.642] [sharedprocess] [info] Scanned user extensions: 2
[2019-01-31 13:47:59.207] [sharedprocess] [info] Scanned user extensions: 2
[2019-01-31 13:50:56.654] [sharedprocess] [info] Scanned user extensions: 2
[2019-01-31 13:52:59.219] [sharedprocess] [info] Scanned user extensions: 2
[2019-01-31 13:55:56.666] [sharedprocess] [info] Scanned user extensions: 2
[2019-01-31 13:57:59.228] [sharedprocess] [info] Scanned user extensions: 2
[2019-01-31 14:00:56.681] [sharedprocess] [info] Scanned user extensions: 2
[2019-01-31 14:02:59.237] [sharedprocess] [info] Scanned user extensions: 2
[2019-01-31 14:05:56.702] [sharedprocess] [info] Scanned user extensions: 2
[2019-01-31 14:07:59.246] [sharedprocess] [info] Scanned user extensions: 2
[2019-01-31 14:10:56.719] [sharedprocess] [info] Scanned user extensions: 2
[2019-01-31 14:12:59.255] [sharedprocess] [info] Scanned user extensions: 2
[2019-01-31 14:15:56.730] [sharedprocess] [info] Scanned user extensions: 2
[2019-01-31 14:17:59.261] [sharedprocess] [info] Scanned user extensions: 2
[2019-01-31 14:20:56.745] [sharedprocess] [info] Scanned user extensions: 2
[2019-01-31 14:22:59.267] [sharedprocess] [info] Scanned user extensions: 2
[2019-01-31 14:25:56.757] [sharedprocess] [info] Scanned user extensions: 2
[2019-01-31 14:27:59.277] [sharedprocess] [info] Scanned user extensions: 2
[2019-01-31 14:30:56.775] [sharedprocess] [info] Scanned user extensions: 2
[2019-01-31 14:32:59.285] [sharedprocess] [info] Scanned user extensions: 2
[2019-01-31 14:35:56.786] [sharedprocess] [info] Scanned user extensions: 2
[2019-01-31 14:37:59.293] [sharedprocess] [info] Scanned user extensions: 2
[2019-01-31 14:40:57.052] [sharedprocess] [info] Scanned user extensions: 2
[2019-01-31 14:42:59.324] [sharedprocess] [info] Scanned user extensions: 2
[2019-01-31 14:45:57.067] [sharedprocess] [info] Scanned user extensions: 2
[2019-01-31 14:47:59.332] [sharedprocess] [info] Scanned user extensions: 2
[2019-01-31 14:50:57.078] [sharedprocess] [info] Scanned user extensions: 2
[2019-01-31 14:52:59.341] [sharedprocess] [info] Scanned user extensions: 2
[2019-01-31 14:55:57.091] [sharedprocess] [info] Scanned user extensions: 2
[2019-01-31 14:57:59.351] [sharedprocess] [info] Scanned user extensions: 2
[2019-01-31 15:00:57.103] [sharedprocess] [info] Scanned user extensions: 2
[2019-01-31 15:02:59.593] [sharedprocess] [info] Scanned user extensions: 2
[2019-01-31 15:05:57.118] [sharedprocess] [info] Scanned user extensions: 2
[2019-01-31 15:07:59.600] [sharedprocess] [info] Scanned user extensions: 2
[2019-01-31 15:10:57.130] [sharedprocess] [info] Scanned user extensions: 2
[2019-01-31 15:12:59.608] [sharedprocess] [info] Scanned user extensions: 2
[2019-01-31 15:15:57.141] [sharedprocess] [info] Scanned user extensions: 2
[2019-01-31 15:17:59.619] [sharedprocess] [info] Scanned user extensions: 2
[2019-01-31 15:20:57.152] [sharedprocess] [info] Scanned user extensions: 2
[2019-01-31 15:22:59.628] [sharedprocess] [info] Scanned user extensions: 2
[2019-01-31 15:25:57.163] [sharedprocess] [info] Scanned user extensions: 2
[2019-01-31 15:27:59.637] [sharedprocess] [info] Scanned user extensions: 2
[2019-01-31 15:30:57.175] [sharedprocess] [info] Scanned user extensions: 2
[2019-01-31 15:32:59.646] [sharedprocess] [info] Scanned user extensions: 2
[2019-01-31 15:35:57.187] [sharedprocess] [info] Scanned user extensions: 2
[2019-01-31 15:37:59.652] [sharedprocess] [info] Scanned user extensions: 2
[2019-01-31 15:40:57.426] [sharedprocess] [info] Scanned user extensions: 2
[2019-01-31 15:42:59.670] [sharedprocess] [info] Scanned user extensions: 2
[2019-01-31 15:45:57.438] [sharedprocess] [info] Scanned user extensions: 2
[2019-01-31 15:47:59.680] [sharedprocess] [info] Scanned user extensions: 2
[2019-01-31 15:50:57.449] [sharedprocess] [info] Scanned user extensions: 2
[2019-01-31 15:52:59.689] [sharedprocess] [info] Scanned user extensions: 2
[2019-01-31 15:55:57.461] [sharedprocess] [info] Scanned user extensions: 2
[2019-01-31 15:57:59.709] [sharedprocess] [info] Scanned user extensions: 2
[2019-01-31 16:00:57.487] [sharedprocess] [info] Scanned user extensions: 2
[2019-01-31 16:02:59.719] [sharedprocess] [info] Scanned user extensions: 2
[2019-01-31 16:05:57.640] [sharedprocess] [info] Scanned user extensions: 2
[2019-01-31 16:07:59.727] [sharedprocess] [info] Scanned user extensions: 2
[2019-01-31 16:10:57.651] [sharedprocess] [info] Scanned user extensions: 2
[2019-01-31 16:12:59.734] [sharedprocess] [info] Scanned user extensions: 2
[2019-01-31 16:15:57.661] [sharedprocess] [info] Scanned user extensions: 2
[2019-01-31 16:17:59.744] [sharedprocess] [info] Scanned user extensions: 2
[2019-01-31 16:20:57.675] [sharedprocess] [info] Scanned user extensions: 2
[2019-01-31 16:22:59.753] [sharedprocess] [info] Scanned user extensions: 2
[2019-01-31 16:25:57.700] [sharedprocess] [info] Scanned user extensions: 2
[2019-01-31 16:27:59.763] [sharedprocess] [info] Scanned user extensions: 2
[2019-01-31 16:30:57.710] [sharedprocess] [info] Scanned user extensions: 2
[2019-01-31 16:32:59.769] [sharedprocess] [info] Scanned user extensions: 2
[2019-01-31 16:35:57.722] [sharedprocess] [info] Scanned user extensions: 2
[2019-01-31 16:37:59.780] [sharedprocess] [info] Scanned user extensions: 2
[2019-01-31 16:40:58.127] [sharedprocess] [info] Scanned user extensions: 2
[2019-01-31 16:42:59.788] [sharedprocess] [info] Scanned user extensions: 2
[2019-01-31 16:45:58.138] [sharedprocess] [info] Scanned user extensions: 2
[2019-01-31 16:47:59.799] [sharedprocess] [info] Scanned user extensions: 2
[2019-01-31 16:50:58.152] [sharedprocess] [info] Scanned user extensions: 2
[2019-01-31 16:52:59.818] [sharedprocess] [info] Scanned user extensions: 2
[2019-01-31 16:55:58.172] [sharedprocess] [info] Scanned user extensions: 2
[2019-01-31 16:57:59.831] [sharedprocess] [info] Scanned user extensions: 2
[2019-01-31 17:00:58.188] [sharedprocess] [info] Scanned user extensions: 2
[2019-01-31 17:02:59.850] [sharedprocess] [info] Scanned user extensions: 2
[2019-01-31 17:05:58.481] [sharedprocess] [info] Scanned user extensions: 2
[2019-01-31 17:07:59.864] [sharedprocess] [info] Scanned user extensions: 2
[2019-01-31 17:10:58.849] [sharedprocess] [info] Scanned user extensions: 2
[2019-01-31 17:12:59.878] [sharedprocess] [info] Scanned user extensions: 2
[2019-01-31 17:15:58.863] [sharedprocess] [info] Scanned user extensions: 2
[2019-01-31 17:17:59.884] [sharedprocess] [info] Scanned user extensions: 2
[2019-01-31 17:20:58.878] [sharedprocess] [info] Scanned user extensions: 2
[2019-01-31 17:22:59.892] [sharedprocess] [info] Scanned user extensions: 2
[2019-01-31 17:25:58.902] [sharedprocess] [info] Scanned user extensions: 2
[2019-01-31 17:27:59.901] [sharedprocess] [info] Scanned user extensions: 2
[2019-01-31 17:30:58.920] [sharedprocess] [info] Scanned user extensions: 2
[2019-01-31 17:32:59.911] [sharedprocess] [info] Scanned user extensions: 2
[2019-01-31 17:35:58.932] [sharedprocess] [info] Scanned user extensions: 2
[2019-01-31 17:37:59.919] [sharedprocess] [info] Scanned user extensions: 2
[2019-01-31 17:40:59.148] [sharedprocess] [info] Scanned user extensions: 2
[2019-01-31 17:42:59.936] [sharedprocess] [info] Scanned user extensions: 2
[2019-01-31 17:45:59.161] [sharedprocess] [info] Scanned user extensions: 2
[2019-01-31 17:47:59.945] [sharedprocess] [info] Scanned user extensions: 2
[2019-01-31 17:50:59.173] [sharedprocess] [info] Scanned user extensions: 2
[2019-01-31 17:52:59.953] [sharedprocess] [info] Scanned user extensions: 2
[2019-01-31 17:55:59.186] [sharedprocess] [info] Scanned user extensions: 2
[2019-01-31 17:57:59.961] [sharedprocess] [info] Scanned user extensions: 2
[2019-01-31 18:00:59.218] [sharedprocess] [info] Scanned user extensions: 2
[2019-01-31 18:02:59.982] [sharedprocess] [info] Scanned user extensions: 2
[2019-01-31 18:05:59.250] [sharedprocess] [info] Scanned user extensions: 2
[2019-01-31 18:07:59.994] [sharedprocess] [info] Scanned user extensions: 2
[2019-01-31 18:10:59.265] [sharedprocess] [info] Scanned user extensions: 2
[2019-01-31 18:13:00.004] [sharedprocess] [info] Scanned user extensions: 2
[2019-01-31 18:15:59.277] [sharedprocess] [info] Scanned user extensions: 2
[2019-01-31 18:18:00.022] [sharedprocess] [info] Scanned user extensions: 2
[2019-01-31 18:20:59.303] [sharedprocess] [info] Scanned user extensions: 2
[2019-01-31 18:23:00.044] [sharedprocess] [info] Scanned user extensions: 2
[2019-01-31 18:25:59.334] [sharedprocess] [info] Scanned user extensions: 2
[2019-01-31 18:28:00.361] [sharedprocess] [info] Scanned user extensions: 2
[2019-01-31 18:30:59.373] [sharedprocess] [info] Scanned user extensions: 2
[2019-01-31 18:33:00.384] [sharedprocess] [info] Scanned user extensions: 2
[2019-01-31 18:35:59.391] [sharedprocess] [info] Scanned user extensions: 2
[2019-01-31 18:38:00.412] [sharedprocess] [info] Scanned user extensions: 2
[2019-01-31 18:40:59.758] [sharedprocess] [info] Scanned user extensions: 2
[2019-01-31 18:43:00.433] [sharedprocess] [info] Scanned user extensions: 2
[2019-01-31 18:45:59.778] [sharedprocess] [info] Scanned user extensions: 2
[2019-01-31 18:48:00.456] [sharedprocess] [info] Scanned user extensions: 2
[2019-01-31 18:50:59.802] [sharedprocess] [info] Scanned user extensions: 2
[2019-01-31 18:53:00.479] [sharedprocess] [info] Scanned user extensions: 2
[2019-01-31 18:55:59.837] [sharedprocess] [info] Scanned user extensions: 2
[2019-01-31 18:58:00.596] [sharedprocess] [info] Scanned user extensions: 2
[2019-01-31 19:01:00.380] [sharedprocess] [info] Scanned user extensions: 2
[2019-01-31 19:03:00.617] [sharedprocess] [info] Scanned user extensions: 2
[2019-01-31 19:06:00.418] [sharedprocess] [info] Scanned user extensions: 2
[2019-01-31 19:08:00.648] [sharedprocess] [info] Scanned user extensions: 2
[2019-01-31 19:11:00.652] [sharedprocess] [info] Scanned user extensions: 2
[2019-01-31 19:13:01.161] [sharedprocess] [info] Scanned user extensions: 2
[2019-01-31 19:16:00.685] [sharedprocess] [info] Scanned user extensions: 2
[2019-01-31 19:18:01.178] [sharedprocess] [info] Scanned user extensions: 2
[2019-01-31 19:21:00.720] [sharedprocess] [info] Scanned user extensions: 2
[2019-01-31 19:23:01.201] [sharedprocess] [info] Scanned user extensions: 2
[2019-01-31 19:26:00.737] [sharedprocess] [info] Scanned user extensions: 2
[2019-01-31 19:28:01.224] [sharedprocess] [info] Scanned user extensions: 2
[2019-01-31 19:31:00.762] [sharedprocess] [info] Scanned user extensions: 2
[2019-01-31 19:33:01.251] [sharedprocess] [info] Scanned user extensions: 2
[2019-01-31 19:36:00.792] [sharedprocess] [info] Scanned user extensions: 2
[2019-01-31 19:38:01.261] [sharedprocess] [info] Scanned user extensions: 2
[2019-01-31 19:41:01.130] [sharedprocess] [info] Scanned user extensions: 2
[2019-01-31 19:43:01.281] [sharedprocess] [info] Scanned user extensions: 2
[2019-01-31 19:46:01.174] [sharedprocess] [info] Scanned user extensions: 2
[2019-01-31 19:48:01.315] [sharedprocess] [info] Scanned user extensions: 2
[2019-01-31 19:51:01.201] [sharedprocess] [info] Scanned user extensions: 2
[2019-01-31 19:53:01.338] [sharedprocess] [info] Scanned user extensions: 2
[2019-01-31 19:56:01.240] [sharedprocess] [info] Scanned user extensions: 2
[2019-01-31 19:58:01.360] [sharedprocess] [info] Scanned user extensions: 2
[2019-01-31 20:01:01.271] [sharedprocess] [info] Scanned user extensions: 2
[2019-01-31 20:03:01.755] [sharedprocess] [info] Scanned user extensions: 2
[2019-01-31 20:06:01.301] [sharedprocess] [info] Scanned user extensions: 2
[2019-01-31 20:08:01.784] [sharedprocess] [info] Scanned user extensions: 2
[2019-01-31 20:11:01.336] [sharedprocess] [info] Scanned user extensions: 2
[2019-01-31 20:13:01.808] [sharedprocess] [info] Scanned user extensions: 2
[2019-01-31 20:16:01.370] [sharedprocess] [info] Scanned user extensions: 2
[2019-01-31 20:18:01.840] [sharedprocess] [info] Scanned user extensions: 2
[2019-01-31 20:21:01.400] [sharedprocess] [info] Scanned user extensions: 2
[2019-01-31 20:23:01.852] [sharedprocess] [info] Scanned user extensions: 2
[2019-01-31 20:26:01.425] [sharedprocess] [info] Scanned user extensions: 2
[2019-01-31 20:28:01.872] [sharedprocess] [info] Scanned user extensions: 2
[2019-01-31 20:31:01.448] [sharedprocess] [info] Scanned user extensions: 2
[2019-01-31 20:33:01.902] [sharedprocess] [info] Scanned user extensions: 2
[2019-01-31 20:36:01.480] [sharedprocess] [info] Scanned user extensions: 2
[2019-01-31 20:38:01.922] [sharedprocess] [info] Scanned user extensions: 2
[2019-01-31 20:41:01.793] [sharedprocess] [info] Scanned user extensions: 2
[2019-01-31 20:43:01.939] [sharedprocess] [info] Scanned user extensions: 2
[2019-01-31 20:46:01.824] [sharedprocess] [info] Scanned user extensions: 2
[2019-01-31 20:48:01.964] [sharedprocess] [info] Scanned user extensions: 2
[2019-01-31 20:51:01.850] [sharedprocess] [info] Scanned user extensions: 2
[2019-01-31 20:53:01.983] [sharedprocess] [info] Scanned user extensions: 2
[2019-01-31 20:56:01.884] [sharedprocess] [info] Scanned user extensions: 2
[2019-01-31 20:58:02.004] [sharedprocess] [info] Scanned user extensions: 2
[2019-01-31 21:01:01.901] [sharedprocess] [info] Scanned user extensions: 2
[2019-01-31 21:03:02.026] [sharedprocess] [info] Scanned user extensions: 2
[2019-01-31 21:06:01.926] [sharedprocess] [info] Scanned user extensions: 2
[2019-01-31 21:08:02.046] [sharedprocess] [info] Scanned user extensions: 2
[2019-01-31 21:11:01.966] [sharedprocess] [info] Scanned user extensions: 2
[2019-01-31 21:13:02.067] [sharedprocess] [info] Scanned user extensions: 2
[2019-01-31 21:16:02.005] [sharedprocess] [info] Scanned user extensions: 2
[2019-01-31 21:18:02.092] [sharedprocess] [info] Scanned user extensions: 2
[2019-01-31 21:21:02.461] [sharedprocess] [info] Scanned user extensions: 2
[2019-01-31 21:23:02.113] [sharedprocess] [info] Scanned user extensions: 2
[2019-01-31 21:26:02.502] [sharedprocess] [info] Scanned user extensions: 2
[2019-01-31 21:28:02.133] [sharedprocess] [info] Scanned user extensions: 2
[2019-01-31 21:31:02.536] [sharedprocess] [info] Scanned user extensions: 2
[2019-01-31 21:33:02.162] [sharedprocess] [info] Scanned user extensions: 2
[2019-01-31 21:36:02.925] [sharedprocess] [info] Scanned user extensions: 2
[2019-01-31 21:38:02.184] [sharedprocess] [info] Scanned user extensions: 2
[2019-01-31 21:41:03.282] [sharedprocess] [info] Scanned user extensions: 2
[2019-01-31 21:43:02.207] [sharedprocess] [info] Scanned user extensions: 2
[2019-01-31 21:46:03.303] [sharedprocess] [info] Scanned user extensions: 2
[2019-01-31 21:48:02.230] [sharedprocess] [info] Scanned user extensions: 2
[2019-01-31 21:51:03.332] [sharedprocess] [info] Scanned user extensions: 2
[2019-01-31 21:53:02.251] [sharedprocess] [info] Scanned user extensions: 2
[2019-01-31 21:56:03.368] [sharedprocess] [info] Scanned user extensions: 2
[2019-01-31 21:58:02.271] [sharedprocess] [info] Scanned user extensions: 2
[2019-01-31 22:01:03.401] [sharedprocess] [info] Scanned user extensions: 2
[2019-01-31 22:03:02.289] [sharedprocess] [info] Scanned user extensions: 2
[2019-01-31 22:06:03.436] [sharedprocess] [info] Scanned user extensions: 2
[2019-01-31 22:08:02.320] [sharedprocess] [info] Scanned user extensions: 2
[2019-01-31 22:11:03.478] [sharedprocess] [info] Scanned user extensions: 2
[2019-01-31 22:13:02.338] [sharedprocess] [info] Scanned user extensions: 2
[2019-01-31 22:16:03.508] [sharedprocess] [info] Scanned user extensions: 2
[2019-01-31 22:18:02.363] [sharedprocess] [info] Scanned user extensions: 2
[2019-01-31 22:21:03.730] [sharedprocess] [info] Scanned user extensions: 2
[2019-01-31 22:23:02.389] [sharedprocess] [info] Scanned user extensions: 2
[2019-01-31 22:26:03.763] [sharedprocess] [info] Scanned user extensions: 2
[2019-01-31 22:28:02.410] [sharedprocess] [info] Scanned user extensions: 2
[2019-01-31 22:31:03.796] [sharedprocess] [info] Scanned user extensions: 2
[2019-01-31 22:33:02.436] [sharedprocess] [info] Scanned user extensions: 2
[2019-01-31 22:36:03.831] [sharedprocess] [info] Scanned user extensions: 2
[2019-01-31 22:38:02.457] [sharedprocess] [info] Scanned user extensions: 2
[2019-01-31 22:41:04.252] [sharedprocess] [info] Scanned user extensions: 2
[2019-01-31 22:43:02.611] [sharedprocess] [info] Scanned user extensions: 2
[2019-01-31 22:46:04.279] [sharedprocess] [info] Scanned user extensions: 2
[2019-01-31 22:48:02.626] [sharedprocess] [info] Scanned user extensions: 2
[2019-01-31 22:51:04.321] [sharedprocess] [info] Scanned user extensions: 2
[2019-01-31 22:53:02.646] [sharedprocess] [info] Scanned user extensions: 2
[2019-01-31 22:56:04.355] [sharedprocess] [info] Scanned user extensions: 2
[2019-01-31 22:58:02.663] [sharedprocess] [info] Scanned user extensions: 2
[2019-01-31 23:01:04.391] [sharedprocess] [info] Scanned user extensions: 2
[2019-01-31 23:03:02.683] [sharedprocess] [info] Scanned user extensions: 2
[2019-01-31 23:06:04.892] [sharedprocess] [info] Scanned user extensions: 2
[2019-01-31 23:08:02.706] [sharedprocess] [info] Scanned user extensions: 2
[2019-01-31 23:11:04.932] [sharedprocess] [info] Scanned user extensions: 2
[2019-01-31 23:13:02.728] [sharedprocess] [info] Scanned user extensions: 2
[2019-01-31 23:16:04.959] [sharedprocess] [info] Scanned user extensions: 2
[2019-01-31 23:18:02.759] [sharedprocess] [info] Scanned user extensions: 2
[2019-01-31 23:21:04.990] [sharedprocess] [info] Scanned user extensions: 2
[2019-01-31 23:23:02.785] [sharedprocess] [info] Scanned user extensions: 2
[2019-01-31 23:26:05.028] [sharedprocess] [info] Scanned user extensions: 2
[2019-01-31 23:28:02.799] [sharedprocess] [info] Scanned user extensions: 2
[2019-01-31 23:31:05.046] [sharedprocess] [info] Scanned user extensions: 2
[2019-01-31 23:33:02.809] [sharedprocess] [info] Scanned user extensions: 2
[2019-01-31 23:36:05.075] [sharedprocess] [info] Scanned user extensions: 2
[2019-01-31 23:38:02.817] [sharedprocess] [info] Scanned user extensions: 2
[2019-01-31 23:41:05.459] [sharedprocess] [info] Scanned user extensions: 2
[2019-01-31 23:43:02.835] [sharedprocess] [info] Scanned user extensions: 2
[2019-01-31 23:46:05.506] [sharedprocess] [info] Scanned user extensions: 2
[2019-01-31 23:48:02.872] [sharedprocess] [info] Scanned user extensions: 2
[2019-01-31 23:51:05.539] [sharedprocess] [info] Scanned user extensions: 2
[2019-01-31 23:53:02.916] [sharedprocess] [info] Scanned user extensions: 2
[2019-01-31 23:56:05.567] [sharedprocess] [info] Scanned user extensions: 2
[2019-01-31 23:58:02.938] [sharedprocess] [info] Scanned user extensions: 2
[2019-02-01 00:01:05.599] [sharedprocess] [info] Scanned user extensions: 2
[2019-02-01 00:03:02.959] [sharedprocess] [info] Scanned user extensions: 2
[2019-02-01 00:06:05.621] [sharedprocess] [info] Scanned user extensions: 2
[2019-02-01 00:08:02.986] [sharedprocess] [info] Scanned user extensions: 2
[2019-02-01 00:11:05.665] [sharedprocess] [info] Scanned user extensions: 2
[2019-02-01 00:13:03.017] [sharedprocess] [info] Scanned user extensions: 2
[2019-02-01 00:16:05.696] [sharedprocess] [info] Scanned user extensions: 2
[2019-02-01 00:18:03.037] [sharedprocess] [info] Scanned user extensions: 2
[2019-02-01 00:21:05.859] [sharedprocess] [info] Scanned user extensions: 2
[2019-02-01 00:23:03.058] [sharedprocess] [info] Scanned user extensions: 2
[2019-02-01 00:26:06.001] [sharedprocess] [info] Scanned user extensions: 2
[2019-02-01 00:28:03.081] [sharedprocess] [info] Scanned user extensions: 2
[2019-02-01 00:31:06.057] [sharedprocess] [info] Scanned user extensions: 2
[2019-02-01 00:33:03.098] [sharedprocess] [info] Scanned user extensions: 2
[2019-02-01 00:36:06.074] [sharedprocess] [info] Scanned user extensions: 2
[2019-02-01 00:38:03.123] [sharedprocess] [info] Scanned user extensions: 2
[2019-02-01 00:41:06.140] [sharedprocess] [info] Scanned user extensions: 2
[2019-02-01 00:43:03.134] [sharedprocess] [info] Scanned user extensions: 2
[2019-02-01 00:46:06.153] [sharedprocess] [info] Scanned user extensions: 2
[2019-02-01 00:48:03.143] [sharedprocess] [info] Scanned user extensions: 2
[2019-02-01 00:51:06.162] [sharedprocess] [info] Scanned user extensions: 2
[2019-02-01 00:53:03.150] [sharedprocess] [info] Scanned user extensions: 2
[2019-02-01 07:26:43.420] [sharedprocess] [info] Scanned user extensions: 2
[2019-02-01 07:28:40.313] [sharedprocess] [info] Scanned user extensions: 2
[2019-02-01 07:31:43.432] [sharedprocess] [info] Scanned user extensions: 2
[2019-02-01 07:33:40.320] [sharedprocess] [info] Scanned user extensions: 2
[2019-02-01 07:36:43.447] [sharedprocess] [info] Scanned user extensions: 2
[2019-02-01 07:38:40.335] [sharedprocess] [info] Scanned user extensions: 2
[2019-02-01 07:41:43.459] [sharedprocess] [info] Scanned user extensions: 2
[2019-02-01 07:43:40.352] [sharedprocess] [info] Scanned user extensions: 2
[2019-02-01 07:46:43.478] [sharedprocess] [info] Scanned user extensions: 2
[2019-02-01 07:48:40.361] [sharedprocess] [info] Scanned user extensions: 2
[2019-02-01 07:51:43.493] [sharedprocess] [info] Scanned user extensions: 2
[2019-02-01 07:53:40.370] [sharedprocess] [info] Scanned user extensions: 2
[2019-02-01 07:56:43.511] [sharedprocess] [info] Scanned user extensions: 2
[2019-02-01 07:58:40.378] [sharedprocess] [info] Scanned user extensions: 2
[2019-02-01 08:01:43.529] [sharedprocess] [info] Scanned user extensions: 2
[2019-02-01 08:03:40.387] [sharedprocess] [info] Scanned user extensions: 2
[2019-02-01 08:06:43.539] [sharedprocess] [info] Scanned user extensions: 2
[2019-02-01 08:08:40.395] [sharedprocess] [info] Scanned user extensions: 2
[2019-02-01 08:11:43.762] [sharedprocess] [info] Scanned user extensions: 2
[2019-02-01 08:13:40.403] [sharedprocess] [info] Scanned user extensions: 2
[2019-02-01 08:16:43.773] [sharedprocess] [info] Scanned user extensions: 2
[2019-02-01 08:18:40.412] [sharedprocess] [info] Scanned user extensions: 2
[2019-02-01 08:21:43.785] [sharedprocess] [info] Scanned user extensions: 2
[2019-02-01 08:23:40.435] [sharedprocess] [info] Scanned user extensions: 2
[2019-02-01 08:26:43.870] [sharedprocess] [info] Scanned user extensions: 2
[2019-02-01 08:28:40.444] [sharedprocess] [info] Scanned user extensions: 2
[2019-02-01 08:31:43.881] [sharedprocess] [info] Scanned user extensions: 2
[2019-02-01 08:33:40.451] [sharedprocess] [info] Scanned user extensions: 2
[2019-02-01 08:36:43.891] [sharedprocess] [info] Scanned user extensions: 2
[2019-02-01 08:38:40.460] [sharedprocess] [info] Scanned user extensions: 2
[2019-02-01 08:41:43.903] [sharedprocess] [info] Scanned user extensions: 2
[2019-02-01 08:43:40.472] [sharedprocess] [info] Scanned user extensions: 2
[2019-02-01 08:46:43.916] [sharedprocess] [info] Scanned user extensions: 2
[2019-02-01 08:48:40.482] [sharedprocess] [info] Scanned user extensions: 2
[2019-02-01 08:51:43.930] [sharedprocess] [info] Scanned user extensions: 2
[2019-02-01 08:53:40.493] [sharedprocess] [info] Scanned user extensions: 2
[2019-02-01 08:56:43.941] [sharedprocess] [info] Scanned user extensions: 2
[2019-02-01 08:58:40.512] [sharedprocess] [info] Scanned user extensions: 2
[2019-02-01 09:01:43.968] [sharedprocess] [info] Scanned user extensions: 2
[2019-02-01 09:03:40.540] [sharedprocess] [info] Scanned user extensions: 2
[2019-02-01 09:06:44.051] [sharedprocess] [info] Scanned user extensions: 2
[2019-02-01 09:08:40.563] [sharedprocess] [info] Scanned user extensions: 2
[2019-02-01 09:11:44.067] [sharedprocess] [info] Scanned user extensions: 2
[2019-02-01 09:13:40.588] [sharedprocess] [info] Scanned user extensions: 2
[2019-02-01 09:16:44.081] [sharedprocess] [info] Scanned user extensions: 2
[2019-02-01 09:18:40.664] [sharedprocess] [info] Scanned user extensions: 2
[2019-02-01 09:21:44.095] [sharedprocess] [info] Scanned user extensions: 2
[2019-02-01 09:23:40.683] [sharedprocess] [info] Scanned user extensions: 2
[2019-02-01 09:26:44.122] [sharedprocess] [info] Scanned user extensions: 2
[2019-02-01 09:28:40.703] [sharedprocess] [info] Scanned user extensions: 2
[2019-02-01 09:31:44.144] [sharedprocess] [info] Scanned user extensions: 2
[2019-02-01 09:33:40.739] [sharedprocess] [info] Scanned user extensions: 2
[2019-02-01 09:36:44.184] [sharedprocess] [info] Scanned user extensions: 2
[2019-02-01 09:38:40.756] [sharedprocess] [info] Scanned user extensions: 2
[2019-02-01 09:41:44.426] [sharedprocess] [info] Scanned user extensions: 2
[2019-02-01 09:43:40.764] [sharedprocess] [info] Scanned user extensions: 2
[2019-02-01 09:46:44.437] [sharedprocess] [info] Scanned user extensions: 2
[2019-02-01 09:48:40.772] [sharedprocess] [info] Scanned user extensions: 2
[2019-02-01 09:51:44.450] [sharedprocess] [info] Scanned user extensions: 2
[2019-02-01 09:53:40.783] [sharedprocess] [info] Scanned user extensions: 2
[2019-02-01 09:56:44.514] [sharedprocess] [info] Scanned user extensions: 2
[2019-02-01 09:58:40.791] [sharedprocess] [info] Scanned user extensions: 2
[2019-02-01 10:01:44.527] [sharedprocess] [info] Scanned user extensions: 2
[2019-02-01 10:03:40.799] [sharedprocess] [info] Scanned user extensions: 2
[2019-02-01 10:06:44.540] [sharedprocess] [info] Scanned user extensions: 2
[2019-02-01 10:08:40.811] [sharedprocess] [info] Scanned user extensions: 2
[2019-02-01 10:11:44.553] [sharedprocess] [info] Scanned user extensions: 2
[2019-02-01 10:13:40.820] [sharedprocess] [info] Scanned user extensions: 2
[2019-02-01 10:16:44.747] [sharedprocess] [info] Scanned user extensions: 2
[2019-02-01 10:18:40.829] [sharedprocess] [info] Scanned user extensions: 2
[2019-02-01 10:21:44.760] [sharedprocess] [info] Scanned user extensions: 2
[2019-02-01 10:23:40.840] [sharedprocess] [info] Scanned user extensions: 2
[2019-02-01 10:26:44.772] [sharedprocess] [info] Scanned user extensions: 2
[2019-02-01 10:28:40.850] [sharedprocess] [info] Scanned user extensions: 2
[2019-02-01 10:31:44.790] [sharedprocess] [info] Scanned user extensions: 2
[2019-02-01 10:33:40.859] [sharedprocess] [info] Scanned user extensions: 2
[2019-02-01 10:36:44.802] [sharedprocess] [info] Scanned user extensions: 2
[2019-02-01 10:38:40.868] [sharedprocess] [info] Scanned user extensions: 2
[2019-02-01 10:41:45.053] [sharedprocess] [info] Scanned user extensions: 2
[2019-02-01 10:43:40.878] [sharedprocess] [info] Scanned user extensions: 2
[2019-02-01 10:46:45.072] [sharedprocess] [info] Scanned user extensions: 2
[2019-02-01 10:48:40.886] [sharedprocess] [info] Scanned user extensions: 2
[2019-02-01 10:51:45.084] [sharedprocess] [info] Scanned user extensions: 2
[2019-02-01 10:53:40.895] [sharedprocess] [info] Scanned user extensions: 2
[2019-02-01 10:56:45.101] [sharedprocess] [info] Scanned user extensions: 2
[2019-02-01 10:58:40.906] [sharedprocess] [info] Scanned user extensions: 2
[2019-02-01 11:01:45.117] [sharedprocess] [info] Scanned user extensions: 2
[2019-02-01 11:03:40.917] [sharedprocess] [info] Scanned user extensions: 2
[2019-02-01 11:06:45.138] [sharedprocess] [info] Scanned user extensions: 2
[2019-02-01 11:08:40.932] [sharedprocess] [info] Scanned user extensions: 2
[2019-02-01 11:11:45.155] [sharedprocess] [info] Scanned user extensions: 2
[2019-02-01 11:13:40.940] [sharedprocess] [info] Scanned user extensions: 2
[2019-02-01 11:16:45.184] [sharedprocess] [info] Scanned user extensions: 2
[2019-02-01 11:18:40.952] [sharedprocess] [info] Scanned user extensions: 2
[2019-02-01 11:21:45.215] [sharedprocess] [info] Scanned user extensions: 2
[2019-02-01 11:23:40.973] [sharedprocess] [info] Scanned user extensions: 2
[2019-02-01 11:26:45.256] [sharedprocess] [info] Scanned user extensions: 2
[2019-02-01 11:28:40.994] [sharedprocess] [info] Scanned user extensions: 2
[2019-02-01 11:31:45.291] [sharedprocess] [info] Scanned user extensions: 2
[2019-02-01 11:33:41.019] [sharedprocess] [info] Scanned user extensions: 2
[2019-02-01 11:36:45.307] [sharedprocess] [info] Scanned user extensions: 2
[2019-02-01 11:38:41.037] [sharedprocess] [info] Scanned user extensions: 2
[2019-02-01 11:41:45.635] [sharedprocess] [info] Scanned user extensions: 2
[2019-02-01 11:43:41.047] [sharedprocess] [info] Scanned user extensions: 2
[2019-02-01 11:46:45.647] [sharedprocess] [info] Scanned user extensions: 2
[2019-02-01 11:48:41.055] [sharedprocess] [info] Scanned user extensions: 2
[2019-02-01 11:51:45.661] [sharedprocess] [info] Scanned user extensions: 2
[2019-02-01 11:53:41.063] [sharedprocess] [info] Scanned user extensions: 2
[2019-02-01 11:56:45.674] [sharedprocess] [info] Scanned user extensions: 2
[2019-02-01 11:58:41.078] [sharedprocess] [info] Scanned user extensions: 2
[2019-02-01 12:01:45.707] [sharedprocess] [info] Scanned user extensions: 2
[2019-02-01 12:03:41.095] [sharedprocess] [info] Scanned user extensions: 2
[2019-02-01 12:06:45.739] [sharedprocess] [info] Scanned user extensions: 2
[2019-02-01 12:08:41.120] [sharedprocess] [info] Scanned user extensions: 2
[2019-02-01 12:11:45.911] [sharedprocess] [info] Scanned user extensions: 2
[2019-02-01 12:13:41.154] [sharedprocess] [info] Scanned user extensions: 2
[2019-02-01 12:16:45.933] [sharedprocess] [info] Scanned user extensions: 2
[2019-02-01 12:18:41.166] [sharedprocess] [info] Scanned user extensions: 2
[2019-02-01 12:21:45.950] [sharedprocess] [info] Scanned user extensions: 2
[2019-02-01 12:23:41.187] [sharedprocess] [info] Scanned user extensions: 2
[2019-02-01 12:26:45.980] [sharedprocess] [info] Scanned user extensions: 2
[2019-02-01 12:28:41.198] [sharedprocess] [info] Scanned user extensions: 2
[2019-02-01 12:31:46.018] [sharedprocess] [info] Scanned user extensions: 2
[2019-02-01 12:33:41.215] [sharedprocess] [info] Scanned user extensions: 2
