Looking for git in: git
Using git 2.7.4 from git
> git rev-parse --show-toplevel
> git config --get commit.template
Open repository: /home/lonewolf/Desktop/frontend
> git status -z -u
> git symbolic-ref --short HEAD
> git rev-parse master
> git rev-parse --symbolic-full-name master@{u}
> git rev-list --left-right master...refs/remotes/origin/master
> git for-each-ref --format %(refname) %(objectname) --sort -committerdate
> git remote --verbose
> git show :Dockerfile
> git check-ignore -z --stdin
> git show :Dockerfile
> git show :.travis.yml
> git show :Dockerfile
> git show :Dockerfile
> git status -z -u
> git symbolic-ref --short HEAD
> git rev-parse feature
> git rev-parse --symbolic-full-name feature@{u}
fatal: no upstream configured for branch 'feature'
> git for-each-ref --format %(refname) %(objectname) --sort -committerdate
> git remote --verbose
> git show :src/App.js
> git check-ignore -z --stdin
> git show :src/App.js
> git status -z -u
> git symbolic-ref --short HEAD
> git rev-parse feature
> git rev-parse --symbolic-full-name feature@{u}
fatal: no upstream configured for branch 'feature'
> git for-each-ref --format %(refname) %(objectname) --sort -committerdate
> git remote --verbose
> git show :src/App.js
> git status -z -u
> git symbolic-ref --short HEAD
> git rev-parse feature
> git rev-parse --symbolic-full-name feature@{u}
fatal: no upstream configured for branch 'feature'
> git for-each-ref --format %(refname) %(objectname) --sort -committerdate
> git remote --verbose
> git status -z -u
> git symbolic-ref --short HEAD
> git rev-parse feature
> git rev-parse --symbolic-full-name feature@{u}
fatal: no upstream configured for branch 'feature'
> git for-each-ref --format %(refname) %(objectname) --sort -committerdate
> git remote --verbose
> git show :src/App.js
> git status -z -u
> git symbolic-ref --short HEAD
> git rev-parse master
> git rev-parse --symbolic-full-name master@{u}
> git rev-list --left-right master...refs/remotes/origin/master
> git for-each-ref --format %(refname) %(objectname) --sort -committerdate
> git remote --verbose
> git show :Dockerfile
> git show :.travis.yml
> git status -z -u
> git symbolic-ref --short HEAD
> git rev-parse master
> git rev-parse --symbolic-full-name master@{u}
> git rev-list --left-right master...refs/remotes/origin/master
> git for-each-ref --format %(refname) %(objectname) --sort -committerdate
> git remote --verbose
> git show :.travis.yml
> git status -z -u
> git symbolic-ref --short HEAD
> git rev-parse master
> git rev-parse --symbolic-full-name master@{u}
> git rev-list --left-right master...refs/remotes/origin/master
> git for-each-ref --format %(refname) %(objectname) --sort -committerdate
> git remote --verbose
> git status -z -u
> git symbolic-ref --short HEAD
> git rev-parse master
> git rev-parse --symbolic-full-name master@{u}
> git rev-list --left-right master...refs/remotes/origin/master
> git for-each-ref --format %(refname) %(objectname) --sort -committerdate
> git remote --verbose
> git status -z -u
> git symbolic-ref --short HEAD
> git rev-parse master
> git rev-parse --symbolic-full-name master@{u}
> git rev-list --left-right master...refs/remotes/origin/master
> git for-each-ref --format %(refname) %(objectname) --sort -committerdate
> git remote --verbose
> git show :src/App.js
> git show :.travis.yml
> git show :Dockerfile
> git show :docker-compose.yml
> git show :Dockerfile.dev
> git show :Dockerfile
> git show :.travis.yml
> git show :docker-compose.yml
> git show :.travis.yml
> git show :Dockerfile
> git show :Dockerfile.dev
> git show :Dockerfile
> git show :docker-compose.yml
> git show :.travis.yml
> git show :src/App.js
> git show :.travis.yml
