[2019-01-30 11:03:27.178] [exthost] [info] extension host started
[2019-01-30 11:03:27.212] [exthost] [info] ExtensionService#_doActivateExtension vscode.debug-auto-launch {"startup":true,"activationEvent":"*"}
[2019-01-30 11:03:27.212] [exthost] [info] ExtensionService#loadCommonJSModule /usr/share/code/resources/app/extensions/debug-auto-launch/dist/extension
[2019-01-30 11:03:27.222] [exthost] [info] ExtensionService#_doActivateExtension vscode.emmet {"startup":true,"activationEvent":"*"}
[2019-01-30 11:03:27.222] [exthost] [info] ExtensionService#loadCommonJSModule /usr/share/code/resources/app/extensions/emmet/dist/extension
[2019-01-30 11:03:27.266] [exthost] [info] ExtensionService#_doActivateExtension vscode.git {"startup":true,"activationEvent":"*"}
[2019-01-30 11:03:27.266] [exthost] [info] ExtensionService#loadCommonJSModule /usr/share/code/resources/app/extensions/git/dist/main
[2019-01-30 11:03:27.564] [exthost] [info] ExtensionService#_doActivateExtension vscode.merge-conflict {"startup":true,"activationEvent":"*"}
[2019-01-30 11:03:27.564] [exthost] [info] ExtensionService#loadCommonJSModule /usr/share/code/resources/app/extensions/merge-conflict/dist/extension
[2019-01-30 11:03:27.585] [exthost] [info] ExtensionService#_doActivateExtension KnisterPeter.vscode-github {"startup":true,"activationEvent":"*"}
[2019-01-30 11:03:27.586] [exthost] [info] ExtensionService#loadCommonJSModule /root/.vscode/extensions/knisterpeter.vscode-github-0.30.1/out/src/main
[2019-01-30 11:03:28.199] [exthost] [info] eager extensions activated
[2019-01-30 11:03:39.768] [exthost] [info] extension host started
[2019-01-30 11:03:40.004] [exthost] [info] ExtensionService#_doActivateExtension vscode.debug-auto-launch {"startup":true,"activationEvent":"*"}
[2019-01-30 11:03:40.004] [exthost] [info] ExtensionService#loadCommonJSModule /usr/share/code/resources/app/extensions/debug-auto-launch/dist/extension
[2019-01-30 11:03:40.010] [exthost] [info] ExtensionService#_doActivateExtension vscode.emmet {"startup":true,"activationEvent":"*"}
[2019-01-30 11:03:40.010] [exthost] [info] ExtensionService#loadCommonJSModule /usr/share/code/resources/app/extensions/emmet/dist/extension
[2019-01-30 11:03:40.200] [exthost] [info] ExtensionService#_doActivateExtension vscode.git {"startup":true,"activationEvent":"*"}
[2019-01-30 11:03:40.201] [exthost] [info] ExtensionService#loadCommonJSModule /usr/share/code/resources/app/extensions/git/dist/main
[2019-01-30 11:03:40.898] [exthost] [info] ExtensionService#_doActivateExtension vscode.merge-conflict {"startup":true,"activationEvent":"*"}
[2019-01-30 11:03:40.898] [exthost] [info] ExtensionService#loadCommonJSModule /usr/share/code/resources/app/extensions/merge-conflict/dist/extension
[2019-01-30 11:03:40.910] [exthost] [info] ExtensionService#_doActivateExtension KnisterPeter.vscode-github {"startup":true,"activationEvent":"*"}
[2019-01-30 11:03:40.910] [exthost] [info] ExtensionService#loadCommonJSModule /root/.vscode/extensions/knisterpeter.vscode-github-0.30.1/out/src/main
[2019-01-30 11:03:41.286] [exthost] [info] eager extensions activated
[2019-01-30 11:03:41.286] [exthost] [info] ExtensionService#_doActivateExtension PeterJausovec.vscode-docker {"startup":false,"activationEvent":"onLanguage:dockerfile"}
[2019-01-30 11:03:41.286] [exthost] [info] ExtensionService#loadCommonJSModule /root/.vscode/extensions/peterjausovec.vscode-docker-0.5.1/entrypoint
[2019-01-30 11:09:20.432] [exthost] [info] ExtensionService#_doActivateExtension vscode.typescript-language-features {"startup":false,"activationEvent":"onLanguage:javascript"}
[2019-01-30 11:09:20.432] [exthost] [info] ExtensionService#loadCommonJSModule /usr/share/code/resources/app/extensions/typescript-language-features/dist/extension
