[2019-01-29 10:54:27.137] [sharedprocess] [info] main {"machineId":"283177e07ff61817ca1bd6308c5c8db23bd75954d99547e4a18d3c9c3d0177e1"}
[2019-01-29 10:54:27.223] [sharedprocess] [info] Scanned user extensions: 1
[2019-01-29 10:54:27.315] [sharedprocess] [info] Scanned system extensions: 71
[2019-01-29 10:54:27.672] [sharedprocess] [info] Scanned user extensions: 1
[2019-01-29 10:54:27.676] [sharedprocess] [info] Scanned user extensions: 1
[2019-01-29 10:54:27.786] [sharedprocess] [info] Scanned system extensions: 71
[2019-01-29 10:54:27.791] [sharedprocess] [info] Scanned system extensions: 71
[2019-01-29 10:54:28.328] [sharedprocess] [info] Scanned user extensions: 1
[2019-01-29 10:54:53.311] [sharedprocess] [info] Scanned user extensions: 1
[2019-01-29 10:54:53.316] [sharedprocess] [info] Scanned user extensions: 1
[2019-01-29 10:54:53.476] [sharedprocess] [info] Scanned system extensions: 71
[2019-01-29 10:54:53.481] [sharedprocess] [info] Scanned system extensions: 71
[2019-01-29 10:54:54.021] [sharedprocess] [info] Scanned user extensions: 1
[2019-01-29 10:55:07.144] [sharedprocess] [info] Starting to clean up unused language packs.
[2019-01-29 10:59:54.166] [sharedprocess] [info] Scanned user extensions: 1
[2019-01-29 11:04:54.180] [sharedprocess] [info] Scanned user extensions: 1
[2019-01-29 11:09:54.192] [sharedprocess] [info] Scanned user extensions: 1
[2019-01-29 11:14:54.215] [sharedprocess] [info] Scanned user extensions: 1
[2019-01-29 11:19:54.304] [sharedprocess] [info] Scanned user extensions: 1
[2019-01-29 11:24:54.318] [sharedprocess] [info] Scanned user extensions: 1
[2019-01-29 11:29:54.334] [sharedprocess] [info] Scanned user extensions: 1
[2019-01-29 11:34:31.075] [sharedprocess] [info] Scanned user extensions: 1
[2019-01-29 11:34:31.120] [sharedprocess] [info] Scanned system extensions: 71
[2019-01-29 11:34:54.346] [sharedprocess] [info] Scanned user extensions: 1
[2019-01-29 11:39:54.356] [sharedprocess] [info] Scanned user extensions: 1
[2019-01-29 11:44:54.376] [sharedprocess] [info] Scanned user extensions: 1
[2019-01-29 11:49:54.387] [sharedprocess] [info] Scanned user extensions: 1
[2019-01-29 11:54:54.586] [sharedprocess] [info] Scanned user extensions: 1
[2019-01-29 11:59:54.605] [sharedprocess] [info] Scanned user extensions: 1
[2019-01-29 12:04:54.627] [sharedprocess] [info] Scanned user extensions: 1
[2019-01-29 12:09:54.641] [sharedprocess] [info] Scanned user extensions: 1
[2019-01-29 12:14:54.662] [sharedprocess] [info] Scanned user extensions: 1
[2019-01-29 12:19:54.678] [sharedprocess] [info] Scanned user extensions: 1
[2019-01-29 12:24:54.692] [sharedprocess] [info] Scanned user extensions: 1
[2019-01-29 12:29:54.714] [sharedprocess] [info] Scanned user extensions: 1
[2019-01-29 12:34:54.727] [sharedprocess] [info] Scanned user extensions: 1
[2019-01-29 12:39:54.742] [sharedprocess] [info] Scanned user extensions: 1
[2019-01-29 12:44:54.753] [sharedprocess] [info] Scanned user extensions: 1
[2019-01-29 12:49:54.767] [sharedprocess] [info] Scanned user extensions: 1
[2019-01-29 12:54:55.035] [sharedprocess] [info] Scanned user extensions: 1
[2019-01-29 12:59:55.046] [sharedprocess] [info] Scanned user extensions: 1
[2019-01-29 13:03:29.697] [sharedprocess] [info] Scanned user extensions: 1
[2019-01-29 13:03:29.751] [sharedprocess] [info] Scanned system extensions: 71
[2019-01-29 13:04:55.058] [sharedprocess] [info] Scanned user extensions: 1
[2019-01-29 13:09:55.084] [sharedprocess] [info] Scanned user extensions: 1
[2019-01-29 13:14:55.098] [sharedprocess] [info] Scanned user extensions: 1
[2019-01-29 13:19:55.121] [sharedprocess] [info] Scanned user extensions: 1
[2019-01-29 13:24:55.131] [sharedprocess] [info] Scanned user extensions: 1
[2019-01-29 13:29:55.143] [sharedprocess] [info] Scanned user extensions: 1
[2019-01-29 13:34:55.154] [sharedprocess] [info] Scanned user extensions: 1
[2019-01-29 13:39:55.166] [sharedprocess] [info] Scanned user extensions: 1
[2019-01-29 13:44:55.178] [sharedprocess] [info] Scanned user extensions: 1
[2019-01-29 13:49:55.193] [sharedprocess] [info] Scanned user extensions: 1
[2019-01-29 13:54:55.433] [sharedprocess] [info] Scanned user extensions: 1
[2019-01-29 13:59:55.443] [sharedprocess] [info] Scanned user extensions: 1
[2019-01-29 14:04:55.455] [sharedprocess] [info] Scanned user extensions: 1
[2019-01-29 14:09:55.468] [sharedprocess] [info] Scanned user extensions: 1
[2019-01-29 14:14:55.487] [sharedprocess] [info] Scanned user extensions: 1
[2019-01-29 14:19:55.497] [sharedprocess] [info] Scanned user extensions: 1
[2019-01-29 14:24:55.510] [sharedprocess] [info] Scanned user extensions: 1
[2019-01-29 14:29:55.523] [sharedprocess] [info] Scanned user extensions: 1
[2019-01-29 14:34:55.536] [sharedprocess] [info] Scanned user extensions: 1
[2019-01-29 14:36:56.316] [sharedprocess] [info] Installing extension: vscode-github
[2019-01-29 14:36:56.339] [sharedprocess] [info] Scanned user extensions: 1
[2019-01-29 14:36:56.341] [sharedprocess] [info] Scanned user extensions: 1
[2019-01-29 14:36:56.350] [sharedprocess] [info] Scanned user extensions: 1
[2019-01-29 14:36:56.360] [sharedprocess] [info] Scanned user extensions: 1
[2019-01-29 14:36:56.364] [sharedprocess] [info] Scanned user extensions: 1
[2019-01-29 14:36:56.511] [sharedprocess] [info] Scanned system extensions: 71
[2019-01-29 14:36:56.517] [sharedprocess] [info] Scanned system extensions: 71
[2019-01-29 14:36:56.522] [sharedprocess] [info] Scanned system extensions: 71
[2019-01-29 14:36:58.697] [sharedprocess] [info] Downloaded extension: vscode-github /tmp/b6c6f0a3-bc61-4095-909b-47a0addc8cbe
[2019-01-29 14:37:01.267] [sharedprocess] [info] Extracted extension to /root/.vscode/extensions/.knisterpeter.vscode-github-0.30.1: knisterpeter.vscode-github-0.30.1
[2019-01-29 14:37:01.267] [sharedprocess] [info] Renamed to /root/.vscode/extensions/knisterpeter.vscode-github-0.30.1
[2019-01-29 14:37:01.270] [sharedprocess] [info] Installation completed. knisterpeter.vscode-github-0.30.1
[2019-01-29 14:37:01.277] [sharedprocess] [info] Extensions installed successfully: knisterpeter.vscode-github
[2019-01-29 14:37:01.395] [sharedprocess] [info] Scanned user extensions: 2
[2019-01-29 14:37:01.437] [sharedprocess] [info] Scanned system extensions: 71
[2019-01-29 14:37:05.526] [sharedprocess] [info] Scanned user extensions: 2
[2019-01-29 14:37:05.528] [sharedprocess] [info] Scanned user extensions: 2
[2019-01-29 14:37:05.532] [sharedprocess] [info] Scanned user extensions: 2
[2019-01-29 14:37:05.554] [sharedprocess] [info] Scanned user extensions: 2
[2019-01-29 14:37:05.558] [sharedprocess] [info] Scanned user extensions: 2
[2019-01-29 14:37:05.841] [sharedprocess] [info] Scanned system extensions: 71
[2019-01-29 14:37:05.848] [sharedprocess] [info] Scanned system extensions: 71
[2019-01-29 14:37:05.853] [sharedprocess] [info] Scanned system extensions: 71
[2019-01-29 14:37:05.884] [sharedprocess] [info] Scanned system extensions: 71
[2019-01-29 14:37:05.913] [sharedprocess] [info] Scanned user extensions: 2
[2019-01-29 14:37:06.055] [sharedprocess] [info] Scanned system extensions: 71
[2019-01-29 14:37:06.777] [sharedprocess] [info] Scanned user extensions: 2
[2019-01-29 14:42:06.792] [sharedprocess] [info] Scanned user extensions: 2
[2019-01-29 14:47:06.808] [sharedprocess] [info] Scanned user extensions: 2
[2019-01-29 14:52:06.821] [sharedprocess] [info] Scanned user extensions: 2
[2019-01-29 14:57:07.100] [sharedprocess] [info] Scanned user extensions: 2
[2019-01-29 15:02:07.112] [sharedprocess] [info] Scanned user extensions: 2
[2019-01-29 15:07:07.127] [sharedprocess] [info] Scanned user extensions: 2
[2019-01-29 15:12:07.139] [sharedprocess] [info] Scanned user extensions: 2
[2019-01-29 15:17:07.153] [sharedprocess] [info] Scanned user extensions: 2
[2019-01-29 15:22:07.167] [sharedprocess] [info] Scanned user extensions: 2
[2019-01-29 15:27:07.182] [sharedprocess] [info] Scanned user extensions: 2
[2019-01-29 15:32:07.196] [sharedprocess] [info] Scanned user extensions: 2
[2019-01-29 15:37:07.207] [sharedprocess] [info] Scanned user extensions: 2
[2019-01-29 15:42:07.221] [sharedprocess] [info] Scanned user extensions: 2
[2019-01-29 15:47:07.232] [sharedprocess] [info] Scanned user extensions: 2
[2019-01-29 15:52:07.246] [sharedprocess] [info] Scanned user extensions: 2
[2019-01-29 15:57:07.481] [sharedprocess] [info] Scanned user extensions: 2
[2019-01-29 16:02:07.502] [sharedprocess] [info] Scanned user extensions: 2
[2019-01-29 16:07:07.533] [sharedprocess] [info] Scanned user extensions: 2
[2019-01-29 16:12:07.567] [sharedprocess] [info] Scanned user extensions: 2
[2019-01-29 16:17:07.577] [sharedprocess] [info] Scanned user extensions: 2
[2019-01-29 16:22:07.587] [sharedprocess] [info] Scanned user extensions: 2
[2019-01-29 16:27:07.601] [sharedprocess] [info] Scanned user extensions: 2
[2019-01-29 16:32:07.615] [sharedprocess] [info] Scanned user extensions: 2
[2019-01-29 16:37:07.629] [sharedprocess] [info] Scanned user extensions: 2
[2019-01-29 16:42:07.641] [sharedprocess] [info] Scanned user extensions: 2
[2019-01-29 16:47:07.656] [sharedprocess] [info] Scanned user extensions: 2
[2019-01-29 16:52:07.674] [sharedprocess] [info] Scanned user extensions: 2
[2019-01-29 16:57:07.936] [sharedprocess] [info] Scanned user extensions: 2
[2019-01-29 17:02:07.949] [sharedprocess] [info] Scanned user extensions: 2
[2019-01-29 17:07:07.959] [sharedprocess] [info] Scanned user extensions: 2
[2019-01-29 17:12:07.972] [sharedprocess] [info] Scanned user extensions: 2
[2019-01-29 17:17:07.985] [sharedprocess] [info] Scanned user extensions: 2
[2019-01-29 17:22:08.004] [sharedprocess] [info] Scanned user extensions: 2
[2019-01-29 17:27:08.021] [sharedprocess] [info] Scanned user extensions: 2
[2019-01-29 17:32:08.034] [sharedprocess] [info] Scanned user extensions: 2
